2020-08-26 03:22:37,744 INFO o.a.j.u.JMeterUtils: Setting Locale to en_EN
2020-08-26 03:22:37,763 INFO o.a.j.JMeter: Loading user properties from: /root/ashu/apache-jmeter-5.2.1/bin/user.properties
2020-08-26 03:22:37,763 INFO o.a.j.JMeter: Loading system properties from: /root/ashu/apache-jmeter-5.2.1/bin/system.properties
2020-08-26 03:22:37,764 INFO o.a.j.JMeter: Setting JMeter property: DURATION=300
2020-08-26 03:22:37,764 INFO o.a.j.JMeter: Setting System property: summariser.interval=6
2020-08-26 03:22:37,765 INFO o.a.j.JMeter: Copyright (c) 1998-2019 The Apache Software Foundation
2020-08-26 03:22:37,765 INFO o.a.j.JMeter: Version 5.2.1
2020-08-26 03:22:37,765 INFO o.a.j.JMeter: java.version=1.8.0_252
2020-08-26 03:22:37,765 INFO o.a.j.JMeter: java.vm.name=Eclipse OpenJ9 VM
2020-08-26 03:22:37,765 INFO o.a.j.JMeter: os.name=Linux
2020-08-26 03:22:37,765 INFO o.a.j.JMeter: os.arch=amd64
2020-08-26 03:22:37,765 INFO o.a.j.JMeter: os.version=3.10.0-693.el7.x86_64
2020-08-26 03:22:37,765 INFO o.a.j.JMeter: file.encoding=UTF-8
2020-08-26 03:22:37,766 INFO o.a.j.JMeter: java.awt.headless=true
2020-08-26 03:22:37,766 INFO o.a.j.JMeter: Max memory     =1073741824
2020-08-26 03:22:37,766 INFO o.a.j.JMeter: Available Processors =28
2020-08-26 03:22:37,769 INFO o.a.j.JMeter: Default Locale=English (EN)
2020-08-26 03:22:37,769 INFO o.a.j.JMeter: JMeter  Locale=English (EN)
2020-08-26 03:22:37,769 INFO o.a.j.JMeter: JMeterHome=/root/ashu/apache-jmeter-5.2.1
2020-08-26 03:22:37,769 INFO o.a.j.JMeter: user.dir  =/home/ashu/quarkusRestCrudDemo/quarkus
2020-08-26 03:22:37,770 INFO o.a.j.JMeter: PWD       =/home/ashu/quarkusRestCrudDemo/quarkus
2020-08-26 03:22:37,771 INFO o.a.j.JMeter: IP: 9.26.158.37 Name: animal.canlab.ibm.com FullName: animal.canlab.ibm.com
2020-08-26 03:22:37,774 INFO o.a.j.s.FileServer: Default base='/home/ashu/quarkusRestCrudDemo/quarkus'
2020-08-26 03:22:37,776 INFO o.a.j.s.FileServer: Set new base='/home/ashu/quarkusRestCrudDemo/quarkus'
2020-08-26 03:22:37,853 INFO o.a.j.s.SaveService: Testplan (JMX) version: 2.2. Testlog (JTL) version: 2.2
2020-08-26 03:22:37,856 INFO o.a.j.s.SaveService: Using SaveService properties file encoding UTF-8
2020-08-26 03:22:37,860 INFO o.a.j.s.SaveService: Using SaveService properties version 5.0
2020-08-26 03:22:37,865 INFO o.a.j.s.SaveService: Loading file: jmeter_restcrud.quarkus.jmx
2020-08-26 03:22:37,895 INFO o.a.j.p.h.s.HTTPSamplerBase: Parser for text/html is org.apache.jmeter.protocol.http.parser.LagartoBasedHtmlParser
2020-08-26 03:22:37,895 INFO o.a.j.p.h.s.HTTPSamplerBase: Parser for application/xhtml+xml is org.apache.jmeter.protocol.http.parser.LagartoBasedHtmlParser
2020-08-26 03:22:37,895 INFO o.a.j.p.h.s.HTTPSamplerBase: Parser for application/xml is org.apache.jmeter.protocol.http.parser.LagartoBasedHtmlParser
2020-08-26 03:22:37,895 INFO o.a.j.p.h.s.HTTPSamplerBase: Parser for text/xml is org.apache.jmeter.protocol.http.parser.LagartoBasedHtmlParser
2020-08-26 03:22:37,895 INFO o.a.j.p.h.s.HTTPSamplerBase: Parser for text/vnd.wap.wml is org.apache.jmeter.protocol.http.parser.RegexpHTMLParser
2020-08-26 03:22:37,895 INFO o.a.j.p.h.s.HTTPSamplerBase: Parser for text/css is org.apache.jmeter.protocol.http.parser.CssParser
2020-08-26 03:22:37,913 INFO o.a.j.JMeter: Creating summariser <summary>
2020-08-26 03:22:37,918 INFO o.a.j.e.StandardJMeterEngine: Running the test!
2020-08-26 03:22:37,918 INFO o.a.j.s.SampleEvent: List of sample_variables: []
2020-08-26 03:22:37,918 INFO o.a.j.s.SampleEvent: List of sample_variables: []
2020-08-26 03:22:37,922 INFO o.a.j.e.u.CompoundVariable: Note: Function class names must contain the string: '.functions.'
2020-08-26 03:22:37,922 INFO o.a.j.e.u.CompoundVariable: Note: Function class names must not contain the string: '.gui.'
2020-08-26 03:22:38,066 INFO o.a.j.JMeter: Running test (1598412158065)
2020-08-26 03:22:38,082 INFO o.a.j.e.StandardJMeterEngine: Starting ThreadGroup: 1 : Thread Group
2020-08-26 03:22:38,082 INFO o.a.j.e.StandardJMeterEngine: Starting 50 threads for group Thread Group.
2020-08-26 03:22:38,082 INFO o.a.j.e.StandardJMeterEngine: Thread will continue on error
2020-08-26 03:22:38,082 INFO o.a.j.t.ThreadGroup: Starting thread group... number=1 threads=50 ramp-up=0 delayedStart=false
2020-08-26 03:22:38,087 INFO o.a.j.t.JMeterThread: Thread started: Thread Group 1-1
2020-08-26 03:22:38,087 INFO o.a.j.t.JMeterThread: Thread started: Thread Group 1-4
2020-08-26 03:22:38,087 INFO o.a.j.t.JMeterThread: Thread started: Thread Group 1-3
2020-08-26 03:22:38,087 INFO o.a.j.t.JMeterThread: Thread started: Thread Group 1-5
2020-08-26 03:22:38,087 INFO o.a.j.t.JMeterThread: Thread started: Thread Group 1-2
2020-08-26 03:22:38,087 INFO o.a.j.t.JMeterThread: Thread started: Thread Group 1-6
2020-08-26 03:22:38,087 INFO o.a.j.t.JMeterThread: Thread started: Thread Group 1-7
2020-08-26 03:22:38,088 INFO o.a.j.t.JMeterThread: Thread started: Thread Group 1-8
2020-08-26 03:22:38,088 INFO o.a.j.t.JMeterThread: Thread started: Thread Group 1-9
2020-08-26 03:22:38,089 INFO o.a.j.t.JMeterThread: Thread started: Thread Group 1-10
2020-08-26 03:22:38,089 INFO o.a.j.t.JMeterThread: Thread started: Thread Group 1-11
2020-08-26 03:22:38,090 INFO o.a.j.t.JMeterThread: Thread started: Thread Group 1-12
2020-08-26 03:22:38,090 INFO o.a.j.t.JMeterThread: Thread started: Thread Group 1-13
2020-08-26 03:22:38,092 INFO o.a.j.t.JMeterThread: Thread started: Thread Group 1-14
2020-08-26 03:22:38,092 INFO o.a.j.t.JMeterThread: Thread started: Thread Group 1-15
2020-08-26 03:22:38,093 INFO o.a.j.t.JMeterThread: Thread started: Thread Group 1-16
2020-08-26 03:22:38,093 INFO o.a.j.t.JMeterThread: Thread started: Thread Group 1-17
2020-08-26 03:22:38,093 INFO o.a.j.t.JMeterThread: Thread started: Thread Group 1-18
2020-08-26 03:22:38,094 INFO o.a.j.t.JMeterThread: Thread started: Thread Group 1-19
2020-08-26 03:22:38,095 INFO o.a.j.t.JMeterThread: Thread started: Thread Group 1-20
2020-08-26 03:22:38,095 INFO o.a.j.t.JMeterThread: Thread started: Thread Group 1-21
2020-08-26 03:22:38,095 INFO o.a.j.t.JMeterThread: Thread started: Thread Group 1-22
2020-08-26 03:22:38,096 INFO o.a.j.t.JMeterThread: Thread started: Thread Group 1-23
2020-08-26 03:22:38,096 INFO o.a.j.t.JMeterThread: Thread started: Thread Group 1-24
2020-08-26 03:22:38,097 INFO o.a.j.t.JMeterThread: Thread started: Thread Group 1-25
2020-08-26 03:22:38,097 INFO o.a.j.t.JMeterThread: Thread started: Thread Group 1-26
2020-08-26 03:22:38,097 INFO o.a.j.t.JMeterThread: Thread started: Thread Group 1-27
2020-08-26 03:22:38,097 INFO o.a.j.t.JMeterThread: Thread started: Thread Group 1-28
2020-08-26 03:22:38,098 INFO o.a.j.t.JMeterThread: Thread started: Thread Group 1-29
2020-08-26 03:22:38,098 INFO o.a.j.t.JMeterThread: Thread started: Thread Group 1-30
2020-08-26 03:22:38,098 INFO o.a.j.t.JMeterThread: Thread started: Thread Group 1-31
2020-08-26 03:22:38,099 INFO o.a.j.t.JMeterThread: Thread started: Thread Group 1-32
2020-08-26 03:22:38,099 INFO o.a.j.t.JMeterThread: Thread started: Thread Group 1-33
2020-08-26 03:22:38,099 INFO o.a.j.t.JMeterThread: Thread started: Thread Group 1-34
2020-08-26 03:22:38,100 INFO o.a.j.t.JMeterThread: Thread started: Thread Group 1-35
2020-08-26 03:22:38,100 INFO o.a.j.t.JMeterThread: Thread started: Thread Group 1-36
2020-08-26 03:22:38,101 INFO o.a.j.t.JMeterThread: Thread started: Thread Group 1-37
2020-08-26 03:22:38,101 INFO o.a.j.t.JMeterThread: Thread started: Thread Group 1-38
2020-08-26 03:22:38,101 INFO o.a.j.t.JMeterThread: Thread started: Thread Group 1-39
2020-08-26 03:22:38,101 INFO o.a.j.t.JMeterThread: Thread started: Thread Group 1-40
2020-08-26 03:22:38,102 INFO o.a.j.t.JMeterThread: Thread started: Thread Group 1-41
2020-08-26 03:22:38,102 INFO o.a.j.t.JMeterThread: Thread started: Thread Group 1-42
2020-08-26 03:22:38,103 INFO o.a.j.t.JMeterThread: Thread started: Thread Group 1-43
2020-08-26 03:22:38,103 INFO o.a.j.t.JMeterThread: Thread started: Thread Group 1-44
2020-08-26 03:22:38,103 INFO o.a.j.t.JMeterThread: Thread started: Thread Group 1-45
2020-08-26 03:22:38,103 INFO o.a.j.t.JMeterThread: Thread started: Thread Group 1-46
2020-08-26 03:22:38,104 INFO o.a.j.p.h.s.HTTPHCAbstractImpl: Local host = animal.canlab.ibm.com
2020-08-26 03:22:38,104 INFO o.a.j.t.JMeterThread: Thread started: Thread Group 1-47
2020-08-26 03:22:38,104 INFO o.a.j.t.JMeterThread: Thread started: Thread Group 1-48
2020-08-26 03:22:38,104 INFO o.a.j.t.ThreadGroup: Started thread group number 1
2020-08-26 03:22:38,104 INFO o.a.j.t.JMeterThread: Thread started: Thread Group 1-49
2020-08-26 03:22:38,105 INFO o.a.j.e.StandardJMeterEngine: All thread groups have been started
2020-08-26 03:22:38,105 INFO o.a.j.t.JMeterThread: Thread started: Thread Group 1-50
2020-08-26 03:22:38,109 INFO o.a.j.p.h.s.HTTPHC4Impl: HTTP request retry count = 0
2020-08-26 03:22:38,110 INFO o.a.j.s.SampleResult: Note: Sample TimeStamps are START times
2020-08-26 03:22:38,110 INFO o.a.j.s.SampleResult: sampleresult.default.encoding is set to ISO-8859-1
2020-08-26 03:22:38,110 INFO o.a.j.s.SampleResult: sampleresult.useNanoTime=true
2020-08-26 03:22:38,110 INFO o.a.j.s.SampleResult: sampleresult.nanoThreadSleep=5000
2020-08-26 03:22:38,261 INFO o.a.j.r.Summariser: summary +      1 in 00:00:00 =    5.1/s Avg:    46 Min:    46 Max:    46 Err:     0 (0.00%) Active: 50 Started: 50 Finished: 0
2020-08-26 03:22:44,000 INFO o.a.j.r.Summariser: summary +  46807 in 00:00:06 = 8154.5/s Avg:     6 Min:     0 Max:   137 Err:     0 (0.00%) Active: 50 Started: 50 Finished: 0
2020-08-26 03:22:44,000 INFO o.a.j.r.Summariser: summary =  46808 in 00:00:06 = 7886.8/s Avg:     6 Min:     0 Max:   137 Err:     0 (0.00%)
2020-08-26 03:22:50,000 INFO o.a.j.r.Summariser: summary +  48267 in 00:00:06 = 8044.5/s Avg:     6 Min:     0 Max:    81 Err:     0 (0.00%) Active: 50 Started: 50 Finished: 0
2020-08-26 03:22:50,000 INFO o.a.j.r.Summariser: summary =  95075 in 00:00:12 = 7966.1/s Avg:     6 Min:     0 Max:   137 Err:     0 (0.00%)
2020-08-26 03:22:56,000 INFO o.a.j.r.Summariser: summary +  47819 in 00:00:06 = 7969.8/s Avg:     6 Min:     0 Max:    41 Err:     0 (0.00%) Active: 50 Started: 50 Finished: 0
2020-08-26 03:22:56,000 INFO o.a.j.r.Summariser: summary = 142894 in 00:00:18 = 7967.3/s Avg:     6 Min:     0 Max:   137 Err:     0 (0.00%)
2020-08-26 03:23:02,001 INFO o.a.j.r.Summariser: summary +  47756 in 00:00:06 = 7959.3/s Avg:     6 Min:     0 Max:    61 Err:     0 (0.00%) Active: 50 Started: 50 Finished: 0
2020-08-26 03:23:02,001 INFO o.a.j.r.Summariser: summary = 190650 in 00:00:24 = 7965.0/s Avg:     6 Min:     0 Max:   137 Err:     0 (0.00%)
2020-08-26 03:23:08,000 INFO o.a.j.r.Summariser: summary +  47850 in 00:00:06 = 7976.3/s Avg:     6 Min:     0 Max:    65 Err:     0 (0.00%) Active: 50 Started: 50 Finished: 0
2020-08-26 03:23:08,000 INFO o.a.j.r.Summariser: summary = 238500 in 00:00:30 = 7967.3/s Avg:     6 Min:     0 Max:   137 Err:     0 (0.00%)
2020-08-26 03:23:14,000 INFO o.a.j.r.Summariser: summary +  48096 in 00:00:06 = 8016.0/s Avg:     6 Min:     0 Max:    65 Err:     0 (0.00%) Active: 50 Started: 50 Finished: 0
2020-08-26 03:23:14,001 INFO o.a.j.r.Summariser: summary = 286596 in 00:00:36 = 7975.4/s Avg:     6 Min:     0 Max:   137 Err:     0 (0.00%)
2020-08-26 03:23:20,000 INFO o.a.j.r.Summariser: summary +  48001 in 00:00:06 = 8000.2/s Avg:     6 Min:     0 Max:    82 Err:     0 (0.00%) Active: 50 Started: 50 Finished: 0
2020-08-26 03:23:20,000 INFO o.a.j.r.Summariser: summary = 334597 in 00:00:42 = 7978.9/s Avg:     6 Min:     0 Max:   137 Err:     0 (0.00%)
2020-08-26 03:23:26,000 INFO o.a.j.r.Summariser: summary +  47925 in 00:00:06 = 7987.5/s Avg:     6 Min:     0 Max:    67 Err:     0 (0.00%) Active: 50 Started: 50 Finished: 0
2020-08-26 03:23:26,000 INFO o.a.j.r.Summariser: summary = 382522 in 00:00:48 = 7980.0/s Avg:     6 Min:     0 Max:   137 Err:     0 (0.00%)
2020-08-26 03:23:32,000 INFO o.a.j.r.Summariser: summary +  48057 in 00:00:06 = 8009.5/s Avg:     6 Min:     0 Max:    70 Err:     0 (0.00%) Active: 50 Started: 50 Finished: 0
2020-08-26 03:23:32,000 INFO o.a.j.r.Summariser: summary = 430579 in 00:00:54 = 7983.3/s Avg:     6 Min:     0 Max:   137 Err:     0 (0.00%)
2020-08-26 03:23:38,000 INFO o.a.j.r.Summariser: summary +  48028 in 00:00:06 = 8004.7/s Avg:     6 Min:     0 Max:    51 Err:     0 (0.00%) Active: 50 Started: 50 Finished: 0
2020-08-26 03:23:38,000 INFO o.a.j.r.Summariser: summary = 478607 in 00:01:00 = 7985.4/s Avg:     6 Min:     0 Max:   137 Err:     0 (0.00%)
2020-08-26 03:23:44,000 INFO o.a.j.r.Summariser: summary +  48016 in 00:00:06 = 8002.7/s Avg:     6 Min:     0 Max:    57 Err:     0 (0.00%) Active: 50 Started: 50 Finished: 0
2020-08-26 03:23:44,001 INFO o.a.j.r.Summariser: summary = 526623 in 00:01:06 = 7987.0/s Avg:     6 Min:     0 Max:   137 Err:     0 (0.00%)
2020-08-26 03:23:50,000 INFO o.a.j.r.Summariser: summary +  47787 in 00:00:06 = 7964.5/s Avg:     6 Min:     0 Max:    67 Err:     0 (0.00%) Active: 50 Started: 50 Finished: 0
2020-08-26 03:23:50,000 INFO o.a.j.r.Summariser: summary = 574410 in 00:01:12 = 7985.1/s Avg:     6 Min:     0 Max:   137 Err:     0 (0.00%)
2020-08-26 03:23:56,000 INFO o.a.j.r.Summariser: summary +  47978 in 00:00:06 = 7996.3/s Avg:     6 Min:     0 Max:    57 Err:     0 (0.00%) Active: 50 Started: 50 Finished: 0
2020-08-26 03:23:56,000 INFO o.a.j.r.Summariser: summary = 622388 in 00:01:18 = 7986.0/s Avg:     6 Min:     0 Max:   137 Err:     0 (0.00%)
2020-08-26 03:24:02,001 INFO o.a.j.r.Summariser: summary +  48073 in 00:00:06 = 8012.2/s Avg:     6 Min:     0 Max:    69 Err:     0 (0.00%) Active: 50 Started: 50 Finished: 0
2020-08-26 03:24:02,001 INFO o.a.j.r.Summariser: summary = 670461 in 00:01:24 = 7987.9/s Avg:     6 Min:     0 Max:   137 Err:     0 (0.00%)
2020-08-26 03:24:08,001 INFO o.a.j.r.Summariser: summary +  48033 in 00:00:06 = 8005.5/s Avg:     6 Min:     0 Max:    61 Err:     0 (0.00%) Active: 50 Started: 50 Finished: 0
2020-08-26 03:24:08,001 INFO o.a.j.r.Summariser: summary = 718494 in 00:01:30 = 7989.0/s Avg:     6 Min:     0 Max:   137 Err:     0 (0.00%)
2020-08-26 03:24:14,001 INFO o.a.j.r.Summariser: summary +  48071 in 00:00:06 = 8010.5/s Avg:     6 Min:     0 Max:    65 Err:     0 (0.00%) Active: 50 Started: 50 Finished: 0
2020-08-26 03:24:14,001 INFO o.a.j.r.Summariser: summary = 766565 in 00:01:36 = 7990.4/s Avg:     6 Min:     0 Max:   137 Err:     0 (0.00%)
2020-08-26 03:24:20,000 INFO o.a.j.r.Summariser: summary +  48269 in 00:00:06 = 8046.2/s Avg:     6 Min:     0 Max:    62 Err:     0 (0.00%) Active: 50 Started: 50 Finished: 0
2020-08-26 03:24:20,001 INFO o.a.j.r.Summariser: summary = 814834 in 00:01:42 = 7993.7/s Avg:     6 Min:     0 Max:   137 Err:     0 (0.00%)
2020-08-26 03:24:26,000 INFO o.a.j.r.Summariser: summary +  48035 in 00:00:06 = 8005.8/s Avg:     6 Min:     0 Max:    70 Err:     0 (0.00%) Active: 50 Started: 50 Finished: 0
2020-08-26 03:24:26,001 INFO o.a.j.r.Summariser: summary = 862869 in 00:01:48 = 7994.3/s Avg:     6 Min:     0 Max:   137 Err:     0 (0.00%)
2020-08-26 03:24:32,000 INFO o.a.j.r.Summariser: summary +  47919 in 00:00:06 = 7986.5/s Avg:     6 Min:     0 Max:    64 Err:     0 (0.00%) Active: 50 Started: 50 Finished: 0
2020-08-26 03:24:32,000 INFO o.a.j.r.Summariser: summary = 910788 in 00:01:54 = 7993.9/s Avg:     6 Min:     0 Max:   137 Err:     0 (0.00%)
2020-08-26 03:24:38,000 INFO o.a.j.r.Summariser: summary +  47870 in 00:00:06 = 7978.3/s Avg:     6 Min:     0 Max:    90 Err:     0 (0.00%) Active: 50 Started: 50 Finished: 0
2020-08-26 03:24:38,001 INFO o.a.j.r.Summariser: summary = 958658 in 00:02:00 = 7993.1/s Avg:     6 Min:     0 Max:   137 Err:     0 (0.00%)
2020-08-26 03:24:44,000 INFO o.a.j.r.Summariser: summary +  48101 in 00:00:06 = 8016.8/s Avg:     6 Min:     0 Max:    85 Err:     0 (0.00%) Active: 50 Started: 50 Finished: 0
2020-08-26 03:24:44,000 INFO o.a.j.r.Summariser: summary = 1006759 in 00:02:06 = 7994.3/s Avg:     6 Min:     0 Max:   137 Err:     0 (0.00%)
2020-08-26 03:24:50,000 INFO o.a.j.r.Summariser: summary +  47940 in 00:00:06 = 7990.0/s Avg:     6 Min:     0 Max:    63 Err:     0 (0.00%) Active: 50 Started: 50 Finished: 0
2020-08-26 03:24:50,000 INFO o.a.j.r.Summariser: summary = 1054699 in 00:02:12 = 7994.1/s Avg:     6 Min:     0 Max:   137 Err:     0 (0.00%)
2020-08-26 03:24:56,000 INFO o.a.j.r.Summariser: summary +  48030 in 00:00:06 = 8005.0/s Avg:     6 Min:     0 Max:    88 Err:     0 (0.00%) Active: 50 Started: 50 Finished: 0
2020-08-26 03:24:56,000 INFO o.a.j.r.Summariser: summary = 1102729 in 00:02:18 = 7994.6/s Avg:     6 Min:     0 Max:   137 Err:     0 (0.00%)
2020-08-26 03:25:02,000 INFO o.a.j.r.Summariser: summary +  48119 in 00:00:06 = 8019.8/s Avg:     6 Min:     0 Max:    60 Err:     0 (0.00%) Active: 50 Started: 50 Finished: 0
2020-08-26 03:25:02,000 INFO o.a.j.r.Summariser: summary = 1150848 in 00:02:24 = 7995.6/s Avg:     6 Min:     0 Max:   137 Err:     0 (0.00%)
2020-08-26 03:25:08,000 INFO o.a.j.r.Summariser: summary +  47936 in 00:00:06 = 7989.3/s Avg:     6 Min:     0 Max:    93 Err:     0 (0.00%) Active: 50 Started: 50 Finished: 0
2020-08-26 03:25:08,001 INFO o.a.j.r.Summariser: summary = 1198784 in 00:02:30 = 7995.4/s Avg:     6 Min:     0 Max:   137 Err:     0 (0.00%)
2020-08-26 03:25:14,000 INFO o.a.j.r.Summariser: summary +  47936 in 00:00:06 = 7989.3/s Avg:     6 Min:     0 Max:    67 Err:     0 (0.00%) Active: 50 Started: 50 Finished: 0
2020-08-26 03:25:14,000 INFO o.a.j.r.Summariser: summary = 1246720 in 00:02:36 = 7995.1/s Avg:     6 Min:     0 Max:   137 Err:     0 (0.00%)
2020-08-26 03:25:20,000 INFO o.a.j.r.Summariser: summary +  48097 in 00:00:06 = 8016.2/s Avg:     6 Min:     0 Max:    84 Err:     0 (0.00%) Active: 50 Started: 50 Finished: 0
2020-08-26 03:25:20,000 INFO o.a.j.r.Summariser: summary = 1294817 in 00:02:42 = 7995.9/s Avg:     6 Min:     0 Max:   137 Err:     0 (0.00%)
2020-08-26 03:25:26,000 INFO o.a.j.r.Summariser: summary +  47932 in 00:00:06 = 7988.7/s Avg:     6 Min:     0 Max:    91 Err:     0 (0.00%) Active: 50 Started: 50 Finished: 0
2020-08-26 03:25:26,000 INFO o.a.j.r.Summariser: summary = 1342749 in 00:02:48 = 7995.6/s Avg:     6 Min:     0 Max:   137 Err:     0 (0.00%)
2020-08-26 03:25:32,001 INFO o.a.j.r.Summariser: summary +  48056 in 00:00:06 = 8008.0/s Avg:     6 Min:     0 Max:    42 Err:     0 (0.00%) Active: 50 Started: 50 Finished: 0
2020-08-26 03:25:32,001 INFO o.a.j.r.Summariser: summary = 1390805 in 00:02:54 = 7996.1/s Avg:     6 Min:     0 Max:   137 Err:     0 (0.00%)
2020-08-26 03:25:38,001 INFO o.a.j.r.Summariser: summary +  48064 in 00:00:06 = 8010.7/s Avg:     6 Min:     0 Max:    57 Err:     0 (0.00%) Active: 50 Started: 50 Finished: 0
2020-08-26 03:25:38,001 INFO o.a.j.r.Summariser: summary = 1438869 in 00:03:00 = 7996.6/s Avg:     6 Min:     0 Max:   137 Err:     0 (0.00%)
2020-08-26 03:25:44,000 INFO o.a.j.r.Summariser: summary +  48082 in 00:00:06 = 8015.0/s Avg:     6 Min:     0 Max:    75 Err:     0 (0.00%) Active: 50 Started: 50 Finished: 0
2020-08-26 03:25:44,000 INFO o.a.j.r.Summariser: summary = 1486951 in 00:03:06 = 7997.2/s Avg:     6 Min:     0 Max:   137 Err:     0 (0.00%)
2020-08-26 03:25:50,000 INFO o.a.j.r.Summariser: summary +  48021 in 00:00:06 = 8003.5/s Avg:     6 Min:     0 Max:    78 Err:     0 (0.00%) Active: 50 Started: 50 Finished: 0
2020-08-26 03:25:50,000 INFO o.a.j.r.Summariser: summary = 1534972 in 00:03:12 = 7997.4/s Avg:     6 Min:     0 Max:   137 Err:     0 (0.00%)
2020-08-26 03:25:56,000 INFO o.a.j.r.Summariser: summary +  48050 in 00:00:06 = 8008.3/s Avg:     6 Min:     0 Max:    70 Err:     0 (0.00%) Active: 50 Started: 50 Finished: 0
2020-08-26 03:25:56,000 INFO o.a.j.r.Summariser: summary = 1583022 in 00:03:18 = 7997.7/s Avg:     6 Min:     0 Max:   137 Err:     0 (0.00%)
2020-08-26 03:26:02,000 INFO o.a.j.r.Summariser: summary +  48002 in 00:00:06 = 8000.3/s Avg:     6 Min:     0 Max:    47 Err:     0 (0.00%) Active: 50 Started: 50 Finished: 0
2020-08-26 03:26:02,000 INFO o.a.j.r.Summariser: summary = 1631024 in 00:03:24 = 7997.8/s Avg:     6 Min:     0 Max:   137 Err:     0 (0.00%)
2020-08-26 03:26:08,000 INFO o.a.j.r.Summariser: summary +  47928 in 00:00:06 = 7988.0/s Avg:     6 Min:     0 Max:    82 Err:     0 (0.00%) Active: 50 Started: 50 Finished: 0
2020-08-26 03:26:08,000 INFO o.a.j.r.Summariser: summary = 1678952 in 00:03:30 = 7997.5/s Avg:     6 Min:     0 Max:   137 Err:     0 (0.00%)
2020-08-26 03:26:14,000 INFO o.a.j.r.Summariser: summary +  47979 in 00:00:06 = 7996.5/s Avg:     6 Min:     0 Max:    53 Err:     0 (0.00%) Active: 50 Started: 50 Finished: 0
2020-08-26 03:26:14,001 INFO o.a.j.r.Summariser: summary = 1726931 in 00:03:36 = 7997.5/s Avg:     6 Min:     0 Max:   137 Err:     0 (0.00%)
2020-08-26 03:26:20,000 INFO o.a.j.r.Summariser: summary +  48051 in 00:00:06 = 8008.5/s Avg:     6 Min:     0 Max:    67 Err:     0 (0.00%) Active: 50 Started: 50 Finished: 0
2020-08-26 03:26:20,000 INFO o.a.j.r.Summariser: summary = 1774982 in 00:03:42 = 7997.8/s Avg:     6 Min:     0 Max:   137 Err:     0 (0.00%)
2020-08-26 03:26:26,000 INFO o.a.j.r.Summariser: summary +  47909 in 00:00:06 = 7984.8/s Avg:     6 Min:     0 Max:    50 Err:     0 (0.00%) Active: 50 Started: 50 Finished: 0
2020-08-26 03:26:26,000 INFO o.a.j.r.Summariser: summary = 1822891 in 00:03:48 = 7997.4/s Avg:     6 Min:     0 Max:   137 Err:     0 (0.00%)
2020-08-26 03:26:32,000 INFO o.a.j.r.Summariser: summary +  47993 in 00:00:06 = 7998.8/s Avg:     6 Min:     0 Max:    73 Err:     0 (0.00%) Active: 50 Started: 50 Finished: 0
2020-08-26 03:26:32,000 INFO o.a.j.r.Summariser: summary = 1870884 in 00:03:54 = 7997.5/s Avg:     6 Min:     0 Max:   137 Err:     0 (0.00%)
2020-08-26 03:26:38,000 INFO o.a.j.r.Summariser: summary +  48053 in 00:00:06 = 8008.8/s Avg:     6 Min:     0 Max:    72 Err:     0 (0.00%) Active: 50 Started: 50 Finished: 0
2020-08-26 03:26:38,000 INFO o.a.j.r.Summariser: summary = 1918937 in 00:04:00 = 7997.7/s Avg:     6 Min:     0 Max:   137 Err:     0 (0.00%)
2020-08-26 03:26:44,002 INFO o.a.j.r.Summariser: summary +  48168 in 00:00:06 = 8026.7/s Avg:     6 Min:     0 Max:   113 Err:     0 (0.00%) Active: 50 Started: 50 Finished: 0
2020-08-26 03:26:44,002 INFO o.a.j.r.Summariser: summary = 1967105 in 00:04:06 = 7998.4/s Avg:     6 Min:     0 Max:   137 Err:     0 (0.00%)
2020-08-26 03:26:50,000 INFO o.a.j.r.Summariser: summary +  48109 in 00:00:06 = 8019.5/s Avg:     6 Min:     0 Max:    67 Err:     0 (0.00%) Active: 50 Started: 50 Finished: 0
2020-08-26 03:26:50,000 INFO o.a.j.r.Summariser: summary = 2015214 in 00:04:12 = 7998.9/s Avg:     6 Min:     0 Max:   137 Err:     0 (0.00%)
2020-08-26 03:26:56,000 INFO o.a.j.r.Summariser: summary +  47971 in 00:00:06 = 7995.2/s Avg:     6 Min:     0 Max:    49 Err:     0 (0.00%) Active: 50 Started: 50 Finished: 0
2020-08-26 03:26:56,001 INFO o.a.j.r.Summariser: summary = 2063185 in 00:04:18 = 7998.9/s Avg:     6 Min:     0 Max:   137 Err:     0 (0.00%)
2020-08-26 03:27:02,000 INFO o.a.j.r.Summariser: summary +  47953 in 00:00:06 = 7992.2/s Avg:     6 Min:     0 Max:    48 Err:     0 (0.00%) Active: 50 Started: 50 Finished: 0
2020-08-26 03:27:02,000 INFO o.a.j.r.Summariser: summary = 2111138 in 00:04:24 = 7998.7/s Avg:     6 Min:     0 Max:   137 Err:     0 (0.00%)
2020-08-26 03:27:08,001 INFO o.a.j.r.Summariser: summary +  48231 in 00:00:06 = 8038.5/s Avg:     6 Min:     0 Max:    59 Err:     0 (0.00%) Active: 50 Started: 50 Finished: 0
2020-08-26 03:27:08,001 INFO o.a.j.r.Summariser: summary = 2159369 in 00:04:30 = 7999.6/s Avg:     6 Min:     0 Max:   137 Err:     0 (0.00%)
2020-08-26 03:27:14,000 INFO o.a.j.r.Summariser: summary +  47834 in 00:00:06 = 7972.3/s Avg:     6 Min:     0 Max:    78 Err:     0 (0.00%) Active: 50 Started: 50 Finished: 0
2020-08-26 03:27:14,000 INFO o.a.j.r.Summariser: summary = 2207203 in 00:04:36 = 7999.0/s Avg:     6 Min:     0 Max:   137 Err:     0 (0.00%)
2020-08-26 03:27:20,001 INFO o.a.j.r.Summariser: summary +  48055 in 00:00:06 = 8007.8/s Avg:     6 Min:     0 Max:    48 Err:     0 (0.00%) Active: 50 Started: 50 Finished: 0
2020-08-26 03:27:20,001 INFO o.a.j.r.Summariser: summary = 2255258 in 00:04:42 = 7999.2/s Avg:     6 Min:     0 Max:   137 Err:     0 (0.00%)
2020-08-26 03:27:26,000 INFO o.a.j.r.Summariser: summary +  47956 in 00:00:06 = 7994.0/s Avg:     6 Min:     0 Max:    86 Err:     0 (0.00%) Active: 50 Started: 50 Finished: 0
2020-08-26 03:27:26,000 INFO o.a.j.r.Summariser: summary = 2303214 in 00:04:48 = 7999.1/s Avg:     6 Min:     0 Max:   137 Err:     0 (0.00%)
2020-08-26 03:27:32,000 INFO o.a.j.r.Summariser: summary +  47901 in 00:00:06 = 7983.5/s Avg:     6 Min:     0 Max:    62 Err:     0 (0.00%) Active: 50 Started: 50 Finished: 0
2020-08-26 03:27:32,001 INFO o.a.j.r.Summariser: summary = 2351115 in 00:04:54 = 7998.8/s Avg:     6 Min:     0 Max:   137 Err:     0 (0.00%)
2020-08-26 03:27:38,000 INFO o.a.j.r.Summariser: summary +  48094 in 00:00:06 = 8015.7/s Avg:     6 Min:     0 Max:    58 Err:     0 (0.00%) Active: 50 Started: 50 Finished: 0
2020-08-26 03:27:38,000 INFO o.a.j.r.Summariser: summary = 2399209 in 00:05:00 = 7999.1/s Avg:     6 Min:     0 Max:   137 Err:     0 (0.00%)
2020-08-26 03:27:38,087 INFO o.a.j.t.JMeterThread: Stopping because end time detected by thread: Thread Group 1-3
2020-08-26 03:27:38,087 INFO o.a.j.t.JMeterThread: Thread finished: Thread Group 1-3
2020-08-26 03:27:38,088 INFO o.a.j.t.JMeterThread: Stopping because end time detected by thread: Thread Group 1-6
2020-08-26 03:27:38,088 INFO o.a.j.t.JMeterThread: Thread finished: Thread Group 1-6
2020-08-26 03:27:38,088 INFO o.a.j.t.JMeterThread: Stopping because end time detected by thread: Thread Group 1-4
2020-08-26 03:27:38,089 INFO o.a.j.t.JMeterThread: Thread finished: Thread Group 1-4
2020-08-26 03:27:38,089 INFO o.a.j.t.JMeterThread: Stopping because end time detected by thread: Thread Group 1-2
2020-08-26 03:27:38,089 INFO o.a.j.t.JMeterThread: Thread finished: Thread Group 1-2
2020-08-26 03:27:38,089 INFO o.a.j.t.JMeterThread: Stopping because end time detected by thread: Thread Group 1-9
2020-08-26 03:27:38,089 INFO o.a.j.t.JMeterThread: Thread finished: Thread Group 1-9
2020-08-26 03:27:38,089 INFO o.a.j.t.JMeterThread: Stopping because end time detected by thread: Thread Group 1-1
2020-08-26 03:27:38,089 INFO o.a.j.t.JMeterThread: Thread finished: Thread Group 1-1
2020-08-26 03:27:38,090 INFO o.a.j.t.JMeterThread: Stopping because end time detected by thread: Thread Group 1-13
2020-08-26 03:27:38,090 INFO o.a.j.t.JMeterThread: Stopping because end time detected by thread: Thread Group 1-10
2020-08-26 03:27:38,090 INFO o.a.j.t.JMeterThread: Thread finished: Thread Group 1-13
2020-08-26 03:27:38,090 INFO o.a.j.t.JMeterThread: Thread finished: Thread Group 1-10
2020-08-26 03:27:38,092 INFO o.a.j.t.JMeterThread: Stopping because end time detected by thread: Thread Group 1-5
2020-08-26 03:27:38,092 INFO o.a.j.t.JMeterThread: Thread finished: Thread Group 1-5
2020-08-26 03:27:38,092 INFO o.a.j.t.JMeterThread: Stopping because end time detected by thread: Thread Group 1-8
2020-08-26 03:27:38,092 INFO o.a.j.t.JMeterThread: Thread finished: Thread Group 1-8
2020-08-26 03:27:38,092 INFO o.a.j.t.JMeterThread: Stopping because end time detected by thread: Thread Group 1-11
2020-08-26 03:27:38,093 INFO o.a.j.t.JMeterThread: Thread finished: Thread Group 1-11
2020-08-26 03:27:38,093 INFO o.a.j.t.JMeterThread: Stopping because end time detected by thread: Thread Group 1-7
2020-08-26 03:27:38,093 INFO o.a.j.t.JMeterThread: Thread finished: Thread Group 1-7
2020-08-26 03:27:38,093 INFO o.a.j.t.JMeterThread: Stopping because end time detected by thread: Thread Group 1-16
2020-08-26 03:27:38,093 INFO o.a.j.t.JMeterThread: Thread finished: Thread Group 1-16
2020-08-26 03:27:38,093 INFO o.a.j.t.JMeterThread: Stopping because end time detected by thread: Thread Group 1-15
2020-08-26 03:27:38,093 INFO o.a.j.t.JMeterThread: Thread finished: Thread Group 1-15
2020-08-26 03:27:38,093 INFO o.a.j.t.JMeterThread: Stopping because end time detected by thread: Thread Group 1-17
2020-08-26 03:27:38,093 INFO o.a.j.t.JMeterThread: Thread finished: Thread Group 1-17
2020-08-26 03:27:38,094 INFO o.a.j.t.JMeterThread: Stopping because end time detected by thread: Thread Group 1-21
2020-08-26 03:27:38,094 INFO o.a.j.t.JMeterThread: Thread finished: Thread Group 1-21
2020-08-26 03:27:38,094 INFO o.a.j.t.JMeterThread: Stopping because end time detected by thread: Thread Group 1-19
2020-08-26 03:27:38,094 INFO o.a.j.t.JMeterThread: Thread finished: Thread Group 1-19
2020-08-26 03:27:38,095 INFO o.a.j.t.JMeterThread: Stopping because end time detected by thread: Thread Group 1-18
2020-08-26 03:27:38,095 INFO o.a.j.t.JMeterThread: Thread finished: Thread Group 1-18
2020-08-26 03:27:38,095 INFO o.a.j.t.JMeterThread: Stopping because end time detected by thread: Thread Group 1-22
2020-08-26 03:27:38,095 INFO o.a.j.t.JMeterThread: Thread finished: Thread Group 1-22
2020-08-26 03:27:38,096 INFO o.a.j.t.JMeterThread: Stopping because end time detected by thread: Thread Group 1-23
2020-08-26 03:27:38,096 INFO o.a.j.t.JMeterThread: Thread finished: Thread Group 1-23
2020-08-26 03:27:38,096 INFO o.a.j.t.JMeterThread: Stopping because end time detected by thread: Thread Group 1-24
2020-08-26 03:27:38,096 INFO o.a.j.t.JMeterThread: Thread finished: Thread Group 1-24
2020-08-26 03:27:38,097 INFO o.a.j.t.JMeterThread: Stopping because end time detected by thread: Thread Group 1-14
2020-08-26 03:27:38,097 INFO o.a.j.t.JMeterThread: Thread finished: Thread Group 1-14
2020-08-26 03:27:38,097 INFO o.a.j.t.JMeterThread: Stopping because end time detected by thread: Thread Group 1-27
2020-08-26 03:27:38,097 INFO o.a.j.t.JMeterThread: Thread finished: Thread Group 1-27
2020-08-26 03:27:38,098 INFO o.a.j.t.JMeterThread: Stopping because end time detected by thread: Thread Group 1-12
2020-08-26 03:27:38,098 INFO o.a.j.t.JMeterThread: Thread finished: Thread Group 1-12
2020-08-26 03:27:38,098 INFO o.a.j.t.JMeterThread: Stopping because end time detected by thread: Thread Group 1-26
2020-08-26 03:27:38,098 INFO o.a.j.t.JMeterThread: Stopping because end time detected by thread: Thread Group 1-29
2020-08-26 03:27:38,098 INFO o.a.j.t.JMeterThread: Thread finished: Thread Group 1-26
2020-08-26 03:27:38,098 INFO o.a.j.t.JMeterThread: Thread finished: Thread Group 1-29
2020-08-26 03:27:38,098 INFO o.a.j.t.JMeterThread: Stopping because end time detected by thread: Thread Group 1-31
2020-08-26 03:27:38,098 INFO o.a.j.t.JMeterThread: Thread finished: Thread Group 1-31
2020-08-26 03:27:38,098 INFO o.a.j.t.JMeterThread: Stopping because end time detected by thread: Thread Group 1-25
2020-08-26 03:27:38,098 INFO o.a.j.t.JMeterThread: Thread finished: Thread Group 1-25
2020-08-26 03:27:38,099 INFO o.a.j.t.JMeterThread: Stopping because end time detected by thread: Thread Group 1-20
2020-08-26 03:27:38,099 INFO o.a.j.t.JMeterThread: Thread finished: Thread Group 1-20
2020-08-26 03:27:38,099 INFO o.a.j.t.JMeterThread: Stopping because end time detected by thread: Thread Group 1-30
2020-08-26 03:27:38,099 INFO o.a.j.t.JMeterThread: Thread finished: Thread Group 1-30
2020-08-26 03:27:38,099 INFO o.a.j.t.JMeterThread: Stopping because end time detected by thread: Thread Group 1-33
2020-08-26 03:27:38,099 INFO o.a.j.t.JMeterThread: Thread finished: Thread Group 1-33
2020-08-26 03:27:38,099 INFO o.a.j.t.JMeterThread: Stopping because end time detected by thread: Thread Group 1-34
2020-08-26 03:27:38,099 INFO o.a.j.t.JMeterThread: Thread finished: Thread Group 1-34
2020-08-26 03:27:38,099 INFO o.a.j.t.JMeterThread: Stopping because end time detected by thread: Thread Group 1-32
2020-08-26 03:27:38,099 INFO o.a.j.t.JMeterThread: Thread finished: Thread Group 1-32
2020-08-26 03:27:38,100 INFO o.a.j.t.JMeterThread: Stopping because end time detected by thread: Thread Group 1-28
2020-08-26 03:27:38,100 INFO o.a.j.t.JMeterThread: Thread finished: Thread Group 1-28
2020-08-26 03:27:38,101 INFO o.a.j.t.JMeterThread: Stopping because end time detected by thread: Thread Group 1-37
2020-08-26 03:27:38,101 INFO o.a.j.t.JMeterThread: Thread finished: Thread Group 1-37
2020-08-26 03:27:38,101 INFO o.a.j.t.JMeterThread: Stopping because end time detected by thread: Thread Group 1-39
2020-08-26 03:27:38,102 INFO o.a.j.t.JMeterThread: Thread finished: Thread Group 1-39
2020-08-26 03:27:38,102 INFO o.a.j.t.JMeterThread: Stopping because end time detected by thread: Thread Group 1-35
2020-08-26 03:27:38,102 INFO o.a.j.t.JMeterThread: Thread finished: Thread Group 1-35
2020-08-26 03:27:38,102 INFO o.a.j.t.JMeterThread: Stopping because end time detected by thread: Thread Group 1-41
2020-08-26 03:27:38,102 INFO o.a.j.t.JMeterThread: Thread finished: Thread Group 1-41
2020-08-26 03:27:38,102 INFO o.a.j.t.JMeterThread: Stopping because end time detected by thread: Thread Group 1-44
2020-08-26 03:27:38,102 INFO o.a.j.t.JMeterThread: Thread finished: Thread Group 1-44
2020-08-26 03:27:38,102 INFO o.a.j.t.JMeterThread: Stopping because end time detected by thread: Thread Group 1-38
2020-08-26 03:27:38,102 INFO o.a.j.t.JMeterThread: Stopping because end time detected by thread: Thread Group 1-36
2020-08-26 03:27:38,102 INFO o.a.j.t.JMeterThread: Thread finished: Thread Group 1-38
2020-08-26 03:27:38,102 INFO o.a.j.t.JMeterThread: Thread finished: Thread Group 1-36
2020-08-26 03:27:38,102 INFO o.a.j.t.JMeterThread: Stopping because end time detected by thread: Thread Group 1-40
2020-08-26 03:27:38,103 INFO o.a.j.t.JMeterThread: Thread finished: Thread Group 1-40
2020-08-26 03:27:38,103 INFO o.a.j.t.JMeterThread: Stopping because end time detected by thread: Thread Group 1-43
2020-08-26 03:27:38,103 INFO o.a.j.t.JMeterThread: Stopping because end time detected by thread: Thread Group 1-47
2020-08-26 03:27:38,103 INFO o.a.j.t.JMeterThread: Thread finished: Thread Group 1-43
2020-08-26 03:27:38,103 INFO o.a.j.t.JMeterThread: Thread finished: Thread Group 1-47
2020-08-26 03:27:38,103 INFO o.a.j.t.JMeterThread: Stopping because end time detected by thread: Thread Group 1-45
2020-08-26 03:27:38,103 INFO o.a.j.t.JMeterThread: Thread finished: Thread Group 1-45
2020-08-26 03:27:38,103 INFO o.a.j.t.JMeterThread: Stopping because end time detected by thread: Thread Group 1-42
2020-08-26 03:27:38,103 INFO o.a.j.t.JMeterThread: Thread finished: Thread Group 1-42
2020-08-26 03:27:38,103 INFO o.a.j.t.JMeterThread: Stopping because end time detected by thread: Thread Group 1-46
2020-08-26 03:27:38,103 INFO o.a.j.t.JMeterThread: Thread finished: Thread Group 1-46
2020-08-26 03:27:38,104 INFO o.a.j.t.JMeterThread: Stopping because end time detected by thread: Thread Group 1-49
2020-08-26 03:27:38,104 INFO o.a.j.t.JMeterThread: Thread finished: Thread Group 1-49
2020-08-26 03:27:38,104 INFO o.a.j.t.JMeterThread: Stopping because end time detected by thread: Thread Group 1-48
2020-08-26 03:27:38,104 INFO o.a.j.t.JMeterThread: Stopping because end time detected by thread: Thread Group 1-50
2020-08-26 03:27:38,104 INFO o.a.j.t.JMeterThread: Thread finished: Thread Group 1-48
2020-08-26 03:27:38,104 INFO o.a.j.t.JMeterThread: Thread finished: Thread Group 1-50
2020-08-26 03:27:38,104 INFO o.a.j.e.StandardJMeterEngine: Notifying test listeners of end of test
2020-08-26 03:27:38,104 INFO o.a.j.r.Summariser: summary +    848 in 00:00:00 = 8153.8/s Avg:     6 Min:     0 Max:    26 Err:     0 (0.00%) Active: 0 Started: 50 Finished: 50
2020-08-26 03:27:38,104 INFO o.a.j.r.Summariser: summary = 2400057 in 00:05:00 = 7999.2/s Avg:     6 Min:     0 Max:   137 Err:     0 (0.00%)
